<?xml version="1.0" encoding="UTF-8"?>
<!-- Generated by org.testng.reporters.JUnitReportReporter -->
<testsuite hostname="Sylveryn" failures="0" tests="9" name="Main.EinfoChipsHome" time="38.620" errors="0" timestamp="2024-02-23T22:37:44 CST" skipped="0">
  <testcase classname="Main.EinfoChipsHome" name="validateLogo" time="2.049"/>
  <testcase classname="Main.EinfoChipsHome" name="validateMenuHeaders" time="0.076"/>
  <testcase classname="Main.EinfoChipsHome" name="domainsOptions" time="9.062"/>
  <testcase classname="Main.EinfoChipsHome" name="validateSemiCond_page" time="3.019"/>
  <testcase classname="Main.EinfoChipsHome" name="backHome_page" time="4.551"/>
  <testcase classname="Main.EinfoChipsHome" name="validateNewsletter_section" time="2.042"/>
  <testcase classname="Main.EinfoChipsHome" name="ContactUs_page" time="11.698"/>
  <testcase classname="Main.EinfoChipsHome" name="validateChampionInnovation" time="6.086"/>
  <testcase classname="Main.EinfoChipsHome" name="validateAerospace_section" time="0.037"/>
</testsuite> <!-- Main.EinfoChipsHome -->
